<?xml version="1.0" encoding="UTF-8"?>
<!-- Generated by org.testng.reporters.JUnitXMLReporter -->
<testsuite ignored="1" hostname="DESKTOP-EI8VAKO" failures="1" tests="1" name="Default test" time="169.772" errors="0" timestamp="2025-12-20T09:06:02 IST">
  <testcase classname="bulidVersionOne.CredentialsCheck" name="runBuildBhuvanesh" time="169.613">
    <failure type="org.openqa.selenium.NoSuchWindowException" message="no such window: target window already closed
from unknown error: web view not found
  (Session info: chrome=143.0.7499.110)
Build info: version: &amp;apos;4.13.0&amp;apos;, revision: &amp;apos;ba948ece5b*&amp;apos;
System info: os.name: &amp;apos;Windows 10&amp;apos;, os.arch: &amp;apos;amd64&amp;apos;, os.version: &amp;apos;10.0&amp;apos;, java.version: &amp;apos;21.0.9&amp;apos;
Driver info: org.openqa.selenium.chrome.ChromeDriver
Command: [8a0db87ac3129629d8adb5fe0cc2d96d, executeScript {script=var getShadowElement = function getShadowElement(object,selector) {	if (object.shadowRoot !=null) {		return object.shadowRoot.querySelector(selector);	} else {		return null;	}};var getAllShadowElement = function getAllShadowElement(object,selector) {	return object.shadowRoot.querySelectorAll(selector);};var getAttribute = function getAttribute(object,attribute) {	return object.getAttribute(attribute);};var isVisible = function isVisible(object) {	var visible = object.offsetWidth;	if(visible&amp;gt;0) {		return true;	} else {		return false;	}};var scrollTo = function scrollTo(object) {	object.scrollIntoView({block: &amp;quot;center&amp;quot;, inline: &amp;quot;nearest&amp;quot;});};var getParentElement = function getParentElement(object) {	if(object.parentNode.nodeName==&amp;quot;#document-fragment&amp;quot;) {		return object.parentNode.host;	} else if(object.nodeName==&amp;quot;#document-fragment&amp;quot;) {		return object.host;	} else {		return object.parentElement;	}};var getChildElements = function getChildElements(object) {	elements = null;	if(object.nodeName==&amp;quot;#document-fragment&amp;quot;) {		elements = object.children;	} else {		elements = object.children;	}	if (object.shadowRoot!=null &amp;amp;&amp;amp; elements.length==0){		elements = object.shadowRoot.children;	}	return elements;};var getSiblingElements = function getSiblingElements(object) {	if(object.nodeName == &amp;quot;#document-fragment&amp;quot;) {		return object.host.children;	} else {		if(object.parentNode.nodeName==&amp;quot;#document-fragment&amp;quot;) {			return object.parentNode.children;		} else {			return object.parentElement.children;		}	}};var getSiblingElement = function getSiblingElement(object, selector) {	if(object.nodeName==&amp;quot;#document-fragment&amp;quot;) {		return object.host.querySelector(selector);	} else {		if(object.parentNode.nodeName==&amp;quot;#document-fragment&amp;quot;) {			return object.parentNode.querySelector(selector);		} else {			return object.parentElement.querySelector(selector);		}	}};var getNextSiblingElement = function getNextSiblingElement(object) {	if(object.nodeName==&amp;quot;#document-fragment&amp;quot;) {		return object.host.firstElementChild.nextElementSibling;	} else {		return object.nextElementSibling;	}};var getPreviousSiblingElement = function getPreviousSiblingElement(object) {	if(object.nodeName==&amp;quot;#document-fragment&amp;quot;) {		return null;	} else {		return object.previousElementSibling;	}};var isChecked = function isChecked(object) {	return object.checked;};var isDisabled = function isDisabled(object) {	return object.disabled;};var findCheckboxWithLabel = function findCheckboxWithLabel(label, root=document) {	if(root.nodeName==&amp;quot;PAPER-CHECKBOX&amp;quot;) {		if(root.childNodes[0].data.trimStart().trimEnd()==label) {			return root;		}	} else {		let all_checkbox = getAllObject(&amp;quot;paper-checkbox&amp;quot;, root);		for (let checkbox of all_checkbox) {			if(checkbox.childNodes[0].data.trimStart().trimEnd()==label) {				return checkbox;			}		}	}};var findRadioWithLabel = function findRadioWithLabel(label, root=document) {	if(root.nodeName==&amp;quot;PAPER-RADIO-BUTTON&amp;quot;) {		if(root.childNodes[0].data.trimStart().trimEnd()==label) {			return root;		}	} else {		let all_radio = getAllObject(&amp;quot;paper-radio-button&amp;quot;, root);		for (let radio of all_radio) {			if(radio.childNodes[0].data.trimStart().trimEnd()==label) {				return radio;			}		}	}};var selectCheckbox = function selectCheckbox(label, root=document) {	let checkbox = findCheckboxWithLabel(label, root);	if(!checkbox.checked) {		checbox.click();	}};var selectRadio = function selectRadio(label, root=document) {	let radio = findCheckboxWithLabel(label, root);	if(!radio.checked) {		radio.click();	}};var selectDropdown = function selectDropdown(label, root=document) {	if(root.nodeName==&amp;quot;PAPER-LISTBOX&amp;quot;) {		root.select(label);	} else {		let listbox = getAllObject(&amp;quot;paper-listbox&amp;quot;, root);		listbox.select(label);	}};var evaluateAllDeep = function evaluateAllDeep(selector, root) {	if(root==undefined) {		return collectAllElementsEvaluateDeep(selector, document);	} else {		return collectAllElementsEvaluateDeep(selector, root);	}};var evaluateDeep = function evaluateDeep(selector, root) {	if(root==undefined) {		return collectElementEvaluateDeep(selector, document);	} else {		return collectElementEvaluateDeep(selector, root);	}};var getXPathObject = function getXPathObject(selector, root = document) {	while (selector.search(/\//)!= 0 &amp;amp;&amp;amp; selector.search(/\//)!= -1) {    	selector = selector.replace(/\//,&amp;apos;//&amp;apos;);    }    while (selector.search(/\/\//)==0 &amp;amp;&amp;amp; selector.search(/\/\//) != -1) {    	selector = selector.replace(/\/\//,&amp;apos;&amp;apos;);    }	splitedSelectors = selector.split(&amp;apos;//&amp;apos;);		webElement = root;    for (let index = 0; index &amp;lt; splitedSelectors.length-1; index++) {        webElement = evaluateDeep(splitedSelectors[index], webElement);        if (webElement === undefined) {            throw new ElementNotFoundException(&amp;quot;Element with XPath &amp;quot;+splitedSelectors[index]+&amp;quot; couldn&amp;apos;t be found.&amp;quot;);        }    }    webElement = evaluateDeep(splitedSelectors[splitedSelectors.length-1], webElement);    return webElement;};var getXPathAllObject = function getXPathAllObject(selector, root = document) {	while (selector.search(/\//)!= 0 &amp;amp;&amp;amp; selector.search(/\//)!= -1) {    	selector = selector.replace(/\//,&amp;apos;//&amp;apos;);    }    while (selector.search(/\/\//)==0 &amp;amp;&amp;amp; selector.search(/\/\//) != -1) {    	selector = selector.replace(/\/\//,&amp;apos;&amp;apos;);    }	splitedSelectors = selector.split(&amp;apos;//&amp;apos;);    webElement = root;    for (let index = 0; index &amp;lt; splitedSelectors.length-1; index++) {        webElement = evaluateDeep(splitedSelectors[index], webElement);        if (webElement === undefined) {            return null;        }    }    webElement = evaluateAllDeep(splitedSelectors[splitedSelectors.length-1], webElement);    return webElement;};var querySelectorAllDeep = function querySelectorAllDeep(selector, root) {	if(root==undefined) {		return _querySelectorDeep(selector, true, document);	} else {		return _querySelectorDeep(selector, true, root);	}};var querySelectorDeep = function querySelectorDeep(selector, root) {	if(root==undefined) {		return _querySelectorDeep(selector, false, document);	} else {		return _querySelectorDeep(selector, false, root);	}};var ElementNotFoundException = function ElementNotFoundException(message = &amp;quot;Not found&amp;quot;) {  this.message = message;  this.name = &amp;apos;ElementNotFoundException&amp;apos;;};var getObject = function getObject(selector, root = document) {    const multiLevelSelectors = splitByCharacterUnlessQuoted(selector, &amp;apos;&amp;gt;&amp;apos;);    webElement = root;    for (let index = 0; index &amp;lt; multiLevelSelectors.length-1; index++) {        webElement = querySelectorDeep(multiLevelSelectors[index], webElement);        if (webElement === undefined) {            throw new ElementNotFoundException(&amp;quot;Element with CSS &amp;quot;+multiLevelSelectors[index]+&amp;quot; couldn&amp;apos;t be found.&amp;quot;);        }    }    webElement = querySelectorDeep(multiLevelSelectors[multiLevelSelectors.length-1], webElement);    return webElement;};var getAllObject = function getAllObject(selector, root = document) {    const multiLevelSelectors = splitByCharacterUnlessQuoted(selector, &amp;apos;&amp;gt;&amp;apos;);    webElement = root;    for (let index = 0; index &amp;lt; multiLevelSelectors.length-1; index++) {        webElement = querySelectorDeep(multiLevelSelectors[index], webElement);        if (webElement === undefined) {            return null;        }    }    webElement = querySelectorAllDeep(multiLevelSelectors[multiLevelSelectors.length-1], webElement);    return webElement;};function _querySelectorDeep(selector, findMany, root) {    let lightElement = root.querySelector(selector);    if (document.head.createShadowRoot || document.head.attachShadow) {        if (!findMany &amp;amp;&amp;amp; lightElement) {            return lightElement;        }        const selectionsToMake = splitByCharacterUnlessQuoted(selector, &amp;apos;,&amp;apos;);        return selectionsToMake.reduce((acc, minimalSelector) =&amp;gt; {            if (!findMany &amp;amp;&amp;amp; acc) {                return acc;            }            const splitSelector = splitByCharacterUnlessQuoted(minimalSelector                    .replace(/^\s+/g, &amp;apos;&amp;apos;)                    .replace(/\s*([&amp;gt;+~]+)\s*/g, &amp;apos;$1&amp;apos;), &amp;apos; &amp;apos;)                .filter((entry) =&amp;gt; !!entry);            const possibleElementsIndex = splitSelector.length - 1;            const possibleElements = collectAllElementsQuerySelectorDeep(splitSelector[possibleElementsIndex], root);            const findElements = findMatchingElement(splitSelector, possibleElementsIndex, root);            if (findMany) {                acc = acc.concat(possibleElements.filter(findElements));                return acc;            } else {                acc = possibleElements.find(findElements);                return acc;            }        }, findMany ? [] : null);    } else {        if (!findMany) {            return lightElement;        } else {            return root.querySelectorAll(selector);        }    }}function findMatchingElement(splitSelector, possibleElementsIndex, root) {    return (element) =&amp;gt; {        let position = possibleElementsIndex;        let parent = element;        let foundElement = false;        while (parent) {            const foundMatch = parent.matches(splitSelector[position]);            if (foundMatch &amp;amp;&amp;amp; position === 0) {                foundElement = true;                break;            }            if (foundMatch) {                position--;            }            parent = findParentOrHost(parent, root);        }        return foundElement;    };}function splitByCharacterUnlessQuoted(selector, character) {    return selector.match(/\\?.|^$/g).reduce((p, c) =&amp;gt; {        if (c === &amp;apos;&amp;quot;&amp;apos; &amp;amp;&amp;amp; !p.sQuote) {            p.quote ^= 1;            p.a[p.a.length - 1] += c;        } else if (c === &amp;apos;\&amp;apos;&amp;apos; &amp;amp;&amp;amp; !p.quote) {            p.sQuote ^= 1;            p.a[p.a.length - 1] += c;        } else if (!p.quote &amp;amp;&amp;amp; !p.sQuote &amp;amp;&amp;amp; c === character) {            p.a.push(&amp;apos;&amp;apos;);        } else {            p.a[p.a.length - 1] += c;        }        return p;    }, { a: [&amp;apos;&amp;apos;] }).a;}function findParentOrHost(element, root) {    const parentNode = element.parentNode;    return (parentNode &amp;amp;&amp;amp; parentNode.host &amp;amp;&amp;amp; parentNode.nodeType === 11) ? parentNode.host : parentNode === root ? null : parentNode;}function collectAllElementsQuerySelectorDeep(selector = null, root) {    const allElements = [];    const findAllElements = function(nodes) {        for (let i = 0, el; el = nodes[i]; ++i) {            allElements.push(el);            if (el.shadowRoot) {                findAllElements(el.shadowRoot.querySelectorAll(&amp;apos;*&amp;apos;));            }        }    };	if(root.shadowRoot != null) {		findAllElements(root.shadowRoot.querySelectorAll(&amp;apos;*&amp;apos;));	}    findAllElements(root.querySelectorAll(&amp;apos;*&amp;apos;));    return selector ? allElements.filter(el =&amp;gt; el.matches(selector)) : allElements;}function collectAllElementsEvaluateDeep(selector, root) {    var allElements = [];    while (selector.indexOf(&amp;apos;/&amp;apos;)==0 &amp;amp;&amp;amp; selector.search(&amp;apos;/&amp;apos;) != -1) {    	selector = selector.replace(&amp;apos;/&amp;apos;,&amp;apos;&amp;apos;);    }        allElementsInDocument = collectAllElementsQuerySelectorDeep(&amp;apos;*&amp;apos;, root);    const findAllElements = function(nodes) {        for (i=0; i&amp;lt;nodes.length; i++) {        	test_node = document.createElement(&amp;apos;test-node&amp;apos;);        	parent_node = nodes[i].parentNode;        	if (parent_node != null &amp;amp;&amp;amp; parent_node.nodeName != &amp;apos;HTML&amp;apos; &amp;amp;&amp;amp; parent_node.nodeName != &amp;apos;#document&amp;apos;) {        		cloned_node = nodes[i].cloneNode();        		if (nodes[i].textContent != &amp;quot;&amp;quot;) {        			cloned_node.textContent = nodes[i].textContent;         		}        		test_node.append(cloned_node);            	elements = document.evaluate(&amp;quot;.//&amp;quot;+selector, test_node, null, XPathResult.ORDERED_NODE_ITERATOR_TYPE);            	while ((element=elements.iterateNext()) != null) {					if (!allElements.filter((value) =&amp;gt; value == nodes[i]).length &amp;gt; 0) {						allElements.push(nodes[i]);					}                }        	}        	elements = document.evaluate(&amp;quot;.//&amp;quot;+selector, nodes[i], null, XPathResult.ORDERED_NODE_ITERATOR_TYPE);            while ((element=elements.iterateNext()) != null) {            	if (!allElements.filter((value) =&amp;gt; value == element).length &amp;gt; 0) {					allElements.push(element);				}            }        }    };    findAllElements(allElementsInDocument);    return allElements;}function collectElementEvaluateDeep(selector, root) {    var element = null;    while (selector.indexOf(&amp;apos;/&amp;apos;)==0 &amp;amp;&amp;amp; selector.search(&amp;apos;/&amp;apos;) != -1) {    	selector = selector.replace(&amp;apos;/&amp;apos;,&amp;apos;&amp;apos;);    }        allElementsInDocument = collectAllElementsQuerySelectorDeep(&amp;apos;*&amp;apos;, root);    const findAllElements = function(nodes) {        for (i=0; i&amp;lt;nodes.length; i++) {        	test_node = document.createElement(&amp;apos;test-node&amp;apos;);        	parent_node = nodes[i].parentNode;        	if (parent_node != null &amp;amp;&amp;amp; parent_node.nodeName != &amp;apos;HTML&amp;apos; &amp;amp;&amp;amp; parent_node.nodeName != &amp;apos;#document&amp;apos;) {        		cloned_node = nodes[i].cloneNode();        		if (nodes[i].textContent != &amp;quot;&amp;quot;) {        			cloned_node.textContent = nodes[i].textContent;         		}        		test_node.append(cloned_node);            	elements = document.evaluate(&amp;apos;.//&amp;apos;+selector, test_node, null, XPathResult.FIRST_ORDERED_NODE_TYPE);            	value = elements.singleNodeValue;            	if (value!=null) {            		element = nodes[i];            		break;            	}        	}        	elements = document.evaluate(&amp;apos;.//&amp;apos;+selector, nodes[i], null, XPathResult.FIRST_ORDERED_NODE_TYPE);        	value = elements.singleNodeValue;        	if (value!=null) {        		element = elements.singleNodeValue;        		break;        	}        }    };    findAllElements(allElementsInDocument);    return element;}return getXPathObject(&amp;quot;//span[text()=&amp;apos;Sign in&amp;apos;]&amp;quot;);, args=[]}]
Capabilities {acceptInsecureCerts: false, browserName: chrome, browserVersion: 143.0.7499.110, chrome: {chromedriverVersion: 143.0.7499.169 (164b20aab62..., userDataDir: C:\Users\DELL\AppData\Local...}, fedcm:accounts: true, goog:chromeOptions: {debuggerAddress: localhost:60894}, goog:processID: 23124, networkConnectionEnabled: false, pageLoadStrategy: normal, platformName: windows, proxy: Proxy(), se:cdp: ws://localhost:60894/devtoo..., se:cdpVersion: 143.0.7499.110, setWindowRect: true, strictFileInteractability: false, timeouts: {implicit: 0, pageLoad: 300000, script: 30000}, unhandledPromptBehavior: dismiss and notify, webauthn:extension:credBlob: true, webauthn:extension:largeBlob: true, webauthn:extension:minPinLength: true, webauthn:extension:prf: true, webauthn:virtualAuthenticators: true}
Session ID: 8a0db87ac3129629d8adb5fe0cc2d96d">
      <![CDATA[org.openqa.selenium.NoSuchWindowException: no such window: target window already closed
from unknown error: web view not found
  (Session info: chrome=143.0.7499.110)
Build info: version: '4.13.0', revision: 'ba948ece5b*'
System info: os.name: 'Windows 10', os.arch: 'amd64', os.version: '10.0', java.version: '21.0.9'
Driver info: org.openqa.selenium.chrome.ChromeDriver
Command: [8a0db87ac3129629d8adb5fe0cc2d96d, executeScript {script=var getShadowElement = function getShadowElement(object,selector) {if (object.shadowRoot !=null) {return object.shadowRoot.querySelector(selector);} else {return null;}};var getAllShadowElement = function getAllShadowElement(object,selector) {return object.shadowRoot.querySelectorAll(selector);};var getAttribute = function getAttribute(object,attribute) {return object.getAttribute(attribute);};var isVisible = function isVisible(object) {var visible = object.offsetWidth;if(visible>0) {return true;} else {return false;}};var scrollTo = function scrollTo(object) {object.scrollIntoView({block: "center", inline: "nearest"});};var getParentElement = function getParentElement(object) {if(object.parentNode.nodeName=="#document-fragment") {return object.parentNode.host;} else if(object.nodeName=="#document-fragment") {return object.host;} else {return object.parentElement;}};var getChildElements = function getChildElements(object) {elements = null;if(object.nodeName=="#document-fragment") {elements = object.children;} else {elements = object.children;}if (object.shadowRoot!=null && elements.length==0){elements = object.shadowRoot.children;}return elements;};var getSiblingElements = function getSiblingElements(object) {if(object.nodeName == "#document-fragment") {return object.host.children;} else {if(object.parentNode.nodeName=="#document-fragment") {return object.parentNode.children;} else {return object.parentElement.children;}}};var getSiblingElement = function getSiblingElement(object, selector) {if(object.nodeName=="#document-fragment") {return object.host.querySelector(selector);} else {if(object.parentNode.nodeName=="#document-fragment") {return object.parentNode.querySelector(selector);} else {return object.parentElement.querySelector(selector);}}};var getNextSiblingElement = function getNextSiblingElement(object) {if(object.nodeName=="#document-fragment") {return object.host.firstElementChild.nextElementSibling;} else {return object.nextElementSibling;}};var getPreviousSiblingElement = function getPreviousSiblingElement(object) {if(object.nodeName=="#document-fragment") {return null;} else {return object.previousElementSibling;}};var isChecked = function isChecked(object) {return object.checked;};var isDisabled = function isDisabled(object) {return object.disabled;};var findCheckboxWithLabel = function findCheckboxWithLabel(label, root=document) {if(root.nodeName=="PAPER-CHECKBOX") {if(root.childNodes[0].data.trimStart().trimEnd()==label) {return root;}} else {let all_checkbox = getAllObject("paper-checkbox", root);for (let checkbox of all_checkbox) {if(checkbox.childNodes[0].data.trimStart().trimEnd()==label) {return checkbox;}}}};var findRadioWithLabel = function findRadioWithLabel(label, root=document) {if(root.nodeName=="PAPER-RADIO-BUTTON") {if(root.childNodes[0].data.trimStart().trimEnd()==label) {return root;}} else {let all_radio = getAllObject("paper-radio-button", root);for (let radio of all_radio) {if(radio.childNodes[0].data.trimStart().trimEnd()==label) {return radio;}}}};var selectCheckbox = function selectCheckbox(label, root=document) {let checkbox = findCheckboxWithLabel(label, root);if(!checkbox.checked) {checbox.click();}};var selectRadio = function selectRadio(label, root=document) {let radio = findCheckboxWithLabel(label, root);if(!radio.checked) {radio.click();}};var selectDropdown = function selectDropdown(label, root=document) {if(root.nodeName=="PAPER-LISTBOX") {root.select(label);} else {let listbox = getAllObject("paper-listbox", root);listbox.select(label);}};var evaluateAllDeep = function evaluateAllDeep(selector, root) {if(root==undefined) {return collectAllElementsEvaluateDeep(selector, document);} else {return collectAllElementsEvaluateDeep(selector, root);}};var evaluateDeep = function evaluateDeep(selector, root) {if(root==undefined) {return collectElementEvaluateDeep(selector, document);} else {return collectElementEvaluateDeep(selector, root);}};var getXPathObject = function getXPathObject(selector, root = document) {while (selector.search(/\//)!= 0 && selector.search(/\//)!= -1) {    selector = selector.replace(/\//,'//');    }    while (selector.search(/\/\//)==0 && selector.search(/\/\//) != -1) {    selector = selector.replace(/\/\//,'');    }splitedSelectors = selector.split('//');webElement = root;    for (let index = 0; index < splitedSelectors.length-1; index++) {        webElement = evaluateDeep(splitedSelectors[index], webElement);        if (webElement === undefined) {            throw new ElementNotFoundException("Element with XPath "+splitedSelectors[index]+" couldn't be found.");        }    }    webElement = evaluateDeep(splitedSelectors[splitedSelectors.length-1], webElement);    return webElement;};var getXPathAllObject = function getXPathAllObject(selector, root = document) {while (selector.search(/\//)!= 0 && selector.search(/\//)!= -1) {    selector = selector.replace(/\//,'//');    }    while (selector.search(/\/\//)==0 && selector.search(/\/\//) != -1) {    selector = selector.replace(/\/\//,'');    }splitedSelectors = selector.split('//');    webElement = root;    for (let index = 0; index < splitedSelectors.length-1; index++) {        webElement = evaluateDeep(splitedSelectors[index], webElement);        if (webElement === undefined) {            return null;        }    }    webElement = evaluateAllDeep(splitedSelectors[splitedSelectors.length-1], webElement);    return webElement;};var querySelectorAllDeep = function querySelectorAllDeep(selector, root) {if(root==undefined) {return _querySelectorDeep(selector, true, document);} else {return _querySelectorDeep(selector, true, root);}};var querySelectorDeep = function querySelectorDeep(selector, root) {if(root==undefined) {return _querySelectorDeep(selector, false, document);} else {return _querySelectorDeep(selector, false, root);}};var ElementNotFoundException = function ElementNotFoundException(message = "Not found") {  this.message = message;  this.name = 'ElementNotFoundException';};var getObject = function getObject(selector, root = document) {    const multiLevelSelectors = splitByCharacterUnlessQuoted(selector, '>');    webElement = root;    for (let index = 0; index < multiLevelSelectors.length-1; index++) {        webElement = querySelectorDeep(multiLevelSelectors[index], webElement);        if (webElement === undefined) {            throw new ElementNotFoundException("Element with CSS "+multiLevelSelectors[index]+" couldn't be found.");        }    }    webElement = querySelectorDeep(multiLevelSelectors[multiLevelSelectors.length-1], webElement);    return webElement;};var getAllObject = function getAllObject(selector, root = document) {    const multiLevelSelectors = splitByCharacterUnlessQuoted(selector, '>');    webElement = root;    for (let index = 0; index < multiLevelSelectors.length-1; index++) {        webElement = querySelectorDeep(multiLevelSelectors[index], webElement);        if (webElement === undefined) {            return null;        }    }    webElement = querySelectorAllDeep(multiLevelSelectors[multiLevelSelectors.length-1], webElement);    return webElement;};function _querySelectorDeep(selector, findMany, root) {    let lightElement = root.querySelector(selector);    if (document.head.createShadowRoot || document.head.attachShadow) {        if (!findMany && lightElement) {            return lightElement;        }        const selectionsToMake = splitByCharacterUnlessQuoted(selector, ',');        return selectionsToMake.reduce((acc, minimalSelector) => {            if (!findMany && acc) {                return acc;            }            const splitSelector = splitByCharacterUnlessQuoted(minimalSelector                    .replace(/^\s+/g, '')                    .replace(/\s*([>+~]+)\s*/g, '$1'), ' ')                .filter((entry) => !!entry);            const possibleElementsIndex = splitSelector.length - 1;            const possibleElements = collectAllElementsQuerySelectorDeep(splitSelector[possibleElementsIndex], root);            const findElements = findMatchingElement(splitSelector, possibleElementsIndex, root);            if (findMany) {                acc = acc.concat(possibleElements.filter(findElements));                return acc;            } else {                acc = possibleElements.find(findElements);                return acc;            }        }, findMany ? [] : null);    } else {        if (!findMany) {            return lightElement;        } else {            return root.querySelectorAll(selector);        }    }}function findMatchingElement(splitSelector, possibleElementsIndex, root) {    return (element) => {        let position = possibleElementsIndex;        let parent = element;        let foundElement = false;        while (parent) {            const foundMatch = parent.matches(splitSelector[position]);            if (foundMatch && position === 0) {                foundElement = true;                break;            }            if (foundMatch) {                position--;            }            parent = findParentOrHost(parent, root);        }        return foundElement;    };}function splitByCharacterUnlessQuoted(selector, character) {    return selector.match(/\\?.|^$/g).reduce((p, c) => {        if (c === '"' && !p.sQuote) {            p.quote ^= 1;            p.a[p.a.length - 1] += c;        } else if (c === '\'' && !p.quote) {            p.sQuote ^= 1;            p.a[p.a.length - 1] += c;        } else if (!p.quote && !p.sQuote && c === character) {            p.a.push('');        } else {            p.a[p.a.length - 1] += c;        }        return p;    }, { a: [''] }).a;}function findParentOrHost(element, root) {    const parentNode = element.parentNode;    return (parentNode && parentNode.host && parentNode.nodeType === 11) ? parentNode.host : parentNode === root ? null : parentNode;}function collectAllElementsQuerySelectorDeep(selector = null, root) {    const allElements = [];    const findAllElements = function(nodes) {        for (let i = 0, el; el = nodes[i]; ++i) {            allElements.push(el);            if (el.shadowRoot) {                findAllElements(el.shadowRoot.querySelectorAll('*'));            }        }    };if(root.shadowRoot != null) {findAllElements(root.shadowRoot.querySelectorAll('*'));}    findAllElements(root.querySelectorAll('*'));    return selector ? allElements.filter(el => el.matches(selector)) : allElements;}function collectAllElementsEvaluateDeep(selector, root) {    var allElements = [];    while (selector.indexOf('/')==0 && selector.search('/') != -1) {    selector = selector.replace('/','');    }        allElementsInDocument = collectAllElementsQuerySelectorDeep('*', root);    const findAllElements = function(nodes) {        for (i=0; i<nodes.length; i++) {        test_node = document.createElement('test-node');        parent_node = nodes[i].parentNode;        if (parent_node != null && parent_node.nodeName != 'HTML' && parent_node.nodeName != '#document') {        cloned_node = nodes[i].cloneNode();        if (nodes[i].textContent != "") {        cloned_node.textContent = nodes[i].textContent;         }        test_node.append(cloned_node);            elements = document.evaluate(".//"+selector, test_node, null, XPathResult.ORDERED_NODE_ITERATOR_TYPE);            while ((element=elements.iterateNext()) != null) {if (!allElements.filter((value) => value == nodes[i]).length > 0) {allElements.push(nodes[i]);}                }        }        elements = document.evaluate(".//"+selector, nodes[i], null, XPathResult.ORDERED_NODE_ITERATOR_TYPE);            while ((element=elements.iterateNext()) != null) {            if (!allElements.filter((value) => value == element).length > 0) {allElements.push(element);}            }        }    };    findAllElements(allElementsInDocument);    return allElements;}function collectElementEvaluateDeep(selector, root) {    var element = null;    while (selector.indexOf('/')==0 && selector.search('/') != -1) {    selector = selector.replace('/','');    }        allElementsInDocument = collectAllElementsQuerySelectorDeep('*', root);    const findAllElements = function(nodes) {        for (i=0; i<nodes.length; i++) {        test_node = document.createElement('test-node');        parent_node = nodes[i].parentNode;        if (parent_node != null && parent_node.nodeName != 'HTML' && parent_node.nodeName != '#document') {        cloned_node = nodes[i].cloneNode();        if (nodes[i].textContent != "") {        cloned_node.textContent = nodes[i].textContent;         }        test_node.append(cloned_node);            elements = document.evaluate('.//'+selector, test_node, null, XPathResult.FIRST_ORDERED_NODE_TYPE);            value = elements.singleNodeValue;            if (value!=null) {            element = nodes[i];            break;            }        }        elements = document.evaluate('.//'+selector, nodes[i], null, XPathResult.FIRST_ORDERED_NODE_TYPE);        value = elements.singleNodeValue;        if (value!=null) {        element = elements.singleNodeValue;        break;        }        }    };    findAllElements(allElementsInDocument);    return element;}return getXPathObject("//span[text()='Sign in']");, args=[]}]
Capabilities {acceptInsecureCerts: false, browserName: chrome, browserVersion: 143.0.7499.110, chrome: {chromedriverVersion: 143.0.7499.169 (164b20aab62..., userDataDir: C:\Users\DELL\AppData\Local...}, fedcm:accounts: true, goog:chromeOptions: {debuggerAddress: localhost:60894}, goog:processID: 23124, networkConnectionEnabled: false, pageLoadStrategy: normal, platformName: windows, proxy: Proxy(), se:cdp: ws://localhost:60894/devtoo..., se:cdpVersion: 143.0.7499.110, setWindowRect: true, strictFileInteractability: false, timeouts: {implicit: 0, pageLoad: 300000, script: 30000}, unhandledPromptBehavior: dismiss and notify, webauthn:extension:credBlob: true, webauthn:extension:largeBlob: true, webauthn:extension:minPinLength: true, webauthn:extension:prf: true, webauthn:virtualAuthenticators: true}
Session ID: 8a0db87ac3129629d8adb5fe0cc2d96d
at java.base/jdk.internal.reflect.DirectConstructorHandleAccessor.newInstance(DirectConstructorHandleAccessor.java:62)
at java.base/java.lang.reflect.Constructor.newInstanceWithCaller(Constructor.java:502)
at java.base/java.lang.reflect.Constructor.newInstance(Constructor.java:486)
at org.openqa.selenium.remote.codec.w3c.W3CHttpResponseCodec.createException(W3CHttpResponseCodec.java:200)
at org.openqa.selenium.remote.codec.w3c.W3CHttpResponseCodec.decode(W3CHttpResponseCodec.java:133)
at org.openqa.selenium.remote.codec.w3c.W3CHttpResponseCodec.decode(W3CHttpResponseCodec.java:52)
at org.openqa.selenium.remote.HttpCommandExecutor.execute(HttpCommandExecutor.java:191)
at org.openqa.selenium.remote.service.DriverCommandExecutor.invokeExecute(DriverCommandExecutor.java:196)
at org.openqa.selenium.remote.service.DriverCommandExecutor.execute(DriverCommandExecutor.java:171)
at org.openqa.selenium.remote.RemoteWebDriver.execute(RemoteWebDriver.java:602)
at org.openqa.selenium.remote.RemoteWebDriver.executeScript(RemoteWebDriver.java:467)
at io.github.sukgu.Shadow.injectShadowExecuter(Shadow.java:69)
at io.github.sukgu.Shadow.executerGetObject(Shadow.java:108)
at io.github.sukgu.Shadow.elementByXPath(Shadow.java:358)
at io.github.sukgu.Shadow.lambda$findElementByXPath$0(Shadow.java:434)
at java.base/java.util.Arrays$ArrayList.forEach(Arrays.java:4305)
at io.github.sukgu.Shadow.findElementByXPath(Shadow.java:433)
at bulidVersionOne.CredentialsCheck.runBuildBhuvanesh(CredentialsCheck.java:52)
at java.base/jdk.internal.reflect.DirectMethodHandleAccessor.invoke(DirectMethodHandleAccessor.java:103)
at java.base/java.lang.reflect.Method.invoke(Method.java:580)
at org.testng.internal.MethodInvocationHelper.invokeMethod(MethodInvocationHelper.java:133)
at org.testng.internal.TestInvoker.invokeMethod(TestInvoker.java:598)
at org.testng.internal.TestInvoker.invokeTestMethod(TestInvoker.java:173)
at org.testng.internal.MethodRunner.runInSequence(MethodRunner.java:46)
at org.testng.internal.TestInvoker$MethodInvocationAgent.invoke(TestInvoker.java:824)
at org.testng.internal.TestInvoker.invokeTestMethods(TestInvoker.java:146)
at org.testng.internal.TestMethodWorker.invokeTestMethods(TestMethodWorker.java:146)
at org.testng.internal.TestMethodWorker.run(TestMethodWorker.java:128)
at java.base/java.util.ArrayList.forEach(ArrayList.java:1596)
at org.testng.TestRunner.privateRun(TestRunner.java:794)
at org.testng.TestRunner.run(TestRunner.java:596)
at org.testng.SuiteRunner.runTest(SuiteRunner.java:377)
at org.testng.SuiteRunner.runSequentially(SuiteRunner.java:371)
at org.testng.SuiteRunner.privateRun(SuiteRunner.java:332)
at org.testng.SuiteRunner.run(SuiteRunner.java:276)
at org.testng.SuiteRunnerWorker.runSuite(SuiteRunnerWorker.java:53)
at org.testng.SuiteRunnerWorker.run(SuiteRunnerWorker.java:96)
at org.testng.TestNG.runSuitesSequentially(TestNG.java:1212)
at org.testng.TestNG.runSuitesLocally(TestNG.java:1134)
at org.testng.TestNG.runSuites(TestNG.java:1063)
at org.testng.TestNG.run(TestNG.java:1031)
at org.testng.remote.AbstractRemoteTestNG.run(AbstractRemoteTestNG.java:115)
at org.testng.remote.RemoteTestNG.initAndRun(RemoteTestNG.java:293)
at org.testng.remote.RemoteTestNG.main(RemoteTestNG.java:91)
]]>
    </failure>
  </testcase> <!-- runBuildBhuvanesh -->
  <testcase classname="bulidVersionOne.CredentialsCheck" name="runBuildSeeni" time="0.0">
    <ignored/>
  </testcase> <!-- runBuildSeeni -->
</testsuite> <!-- Default test -->
